Build started 2017/5/16 21:53:29.
     1>Project "F:\VS\Projects\mytest2\mytest2\mytest2.vcxproj" on node 2 (Build target(s)).
     1>ClCompile:
         F:\software\Microsoft Visual Studio 14.0\VC\bin\x86_amd64\CL.exe /c /Zi /nologo /W3 /WX- /O2 /Oi /GL /D NDEBUG /D _CONSOLE /D _UNICODE /D UNICODE /Gm- /EHsc /MD /GS /Gy /fp:precise /Zc:wchar_t /Zc:forScope /Zc:inline /Fo"x64\Release\\" /Fd"x64\Release\vc140.pdb" /Gd /TP /errorReport:prompt mytest2.cpp
         mytest2.cpp
     1>mytest2.cpp(1): fatal error C1083: Cannot open include file: 'opencv2\opencv.hpp': No such file or directory
     1>Done Building Project "F:\VS\Projects\mytest2\mytest2\mytest2.vcxproj" (Build target(s)) -- FAILED.

Build FAILED.

Time Elapsed 00:00:00.67
